  Main.c
f:\оаип\курсовой проект\texteditor\texteditor\main.c(197): warning C4133: =: несовместимые типы - из "HMENU" в "HWND"
f:\оаип\курсовой проект\texteditor\texteditor\main.c(293): warning C4047: функция: "WPARAM" отличается по уровням косвенного обращения от "HDC"
f:\оаип\курсовой проект\texteditor\texteditor\main.c(293): warning C4024: SendMessageA: различные типы для формального и фактического параметров 3
f:\оаип\курсовой проект\texteditor\texteditor\main.c(293): warning C4047: функция: "LPARAM" отличается по уровням косвенного обращения от "HWND"
f:\оаип\курсовой проект\texteditor\texteditor\main.c(293): warning C4024: SendMessageA: различные типы для формального и фактического параметров 4
f:\оаип\курсовой проект\texteditor\texteditor\main.c(303): warning C4047: функция: "LPARAM" отличается по уровням косвенного обращения от "void *"
f:\оаип\курсовой проект\texteditor\texteditor\main.c(303): warning C4024: SendMessageA: различные типы для формального и фактического параметров 4
f:\оаип\курсовой проект\texteditor\texteditor\main.c(305): warning C4047: функция: "LPARAM" отличается по уровням косвенного обращения от "void *"
f:\оаип\курсовой проект\texteditor\texteditor\main.c(305): warning C4024: SendMessageA: различные типы для формального и фактического параметров 4
f:\оаип\курсовой проект\texteditor\texteditor\main.c(368): warning C4133: функция: несовместимые типы - из "HWND" в "HMENU"
f:\оаип\курсовой проект\texteditor\texteditor\main.c(398): warning C4047: функция: "FILE *" отличается по уровням косвенного обращения от "FILE **"
f:\оаип\курсовой проект\texteditor\texteditor\main.c(398): warning C4024: openFile: различные типы для формального и фактического параметров 2
f:\оаип\курсовой проект\texteditor\texteditor\main.c(441): warning C4047: функция: "FILE *" отличается по уровням косвенного обращения от "FILE **"
f:\оаип\курсовой проект\texteditor\texteditor\main.c(441): warning C4024: openFile: различные типы для формального и фактического параметров 2
f:\оаип\курсовой проект\texteditor\texteditor\main.c(472): warning C4047: функция: "FILE *" отличается по уровням косвенного обращения от "FILE **"
f:\оаип\курсовой проект\texteditor\texteditor\main.c(472): warning C4024: openFile: различные типы для формального и фактического параметров 2
f:\оаип\курсовой проект\texteditor\texteditor\main.c(552): warning C4047: функция: "WPARAM" отличается по уровням косвенного обращения от "HDC"
f:\оаип\курсовой проект\texteditor\texteditor\main.c(552): warning C4024: SendMessageA: различные типы для формального и фактического параметров 3
f:\оаип\курсовой проект\texteditor\texteditor\main.c(552): warning C4047: функция: "LPARAM" отличается по уровням косвенного обращения от "HWND"
f:\оаип\курсовой проект\texteditor\texteditor\main.c(552): warning C4024: SendMessageA: различные типы для формального и фактического параметров 4
f:\оаип\курсовой проект\texteditor\texteditor\main.c(568): warning C4047: функция: "WPARAM" отличается по уровням косвенного обращения от "HDC"
f:\оаип\курсовой проект\texteditor\texteditor\main.c(568): warning C4024: SendMessageA: различные типы для формального и фактического параметров 3
f:\оаип\курсовой проект\texteditor\texteditor\main.c(568): warning C4047: функция: "LPARAM" отличается по уровням косвенного обращения от "HWND"
f:\оаип\курсовой проект\texteditor\texteditor\main.c(568): warning C4024: SendMessageA: различные типы для формального и фактического параметров 4
f:\оаип\курсовой проект\texteditor\texteditor\main.c(578): warning C4133: функция: несовместимые типы - из "HWND" в "HMENU"
f:\оаип\курсовой проект\texteditor\texteditor\main.c(580): warning C4133: функция: несовместимые типы - из "HWND" в "HMENU"
f:\оаип\курсовой проект\texteditor\texteditor\main.c(625): warning C4133: функция: несовместимые типы - из "HWND" в "HMENU"
f:\оаип\курсовой проект\texteditor\texteditor\main.c(627): warning C4133: функция: несовместимые типы - из "HWND" в "HMENU"
f:\оаип\курсовой проект\texteditor\texteditor\main.c(668): warning C4047: функция: "FILE *" отличается по уровням косвенного обращения от "FILE **"
f:\оаип\курсовой проект\texteditor\texteditor\main.c(668): warning C4024: openFile: различные типы для формального и фактического параметров 2
  TextEditor.vcxproj -> F:\ОАИП\Курсовой проект\TextEditor\Debug\TextEditor.exe
  TextEditor.vcxproj -> F:\ОАИП\Курсовой проект\TextEditor\Debug\TextEditor.pdb (Partial PDB)
