f:\оаип\курсовой проект\texteditor\texteditor\debug\vc140.pdb
f:\оаип\курсовой проект\texteditor\texteditor\debug\vc140.idb
f:\оаип\курсовой проект\texteditor\texteditor\debug\view.obj
f:\оаип\курсовой проект\texteditor\texteditor\debug\main.obj
f:\оаип\курсовой проект\texteditor\texteditor\debug\resource.res
f:\оаип\курсовой проект\texteditor\texteditor\debug\view.obj.enc
f:\оаип\курсовой проект\texteditor\debug\texteditor.pdb
f:\оаип\курсовой проект\texteditor\texteditor\debug\texteditor.tlog\cl.command.1.tlog
f:\оаип\курсовой проект\texteditor\texteditor\debug\texteditor.tlog\cl.read.1.tlog
f:\оаип\курсовой проект\texteditor\texteditor\debug\texteditor.tlog\cl.write.1.tlog
f:\оаип\курсовой проект\texteditor\texteditor\debug\texteditor.tlog\link-cvtres.read.1.tlog
f:\оаип\курсовой проект\texteditor\texteditor\debug\texteditor.tlog\link-cvtres.write.1.tlog
f:\оаип\курсовой проект\texteditor\texteditor\debug\texteditor.tlog\link-rc.read.1.tlog
f:\оаип\курсовой проект\texteditor\texteditor\debug\texteditor.tlog\link-rc.write.1.tlog
f:\оаип\курсовой проект\texteditor\texteditor\debug\texteditor.tlog\link.12956-cvtres.read.1.tlog
f:\оаип\курсовой проект\texteditor\texteditor\debug\texteditor.tlog\link.12956-cvtres.write.1.tlog
f:\оаип\курсовой проект\texteditor\texteditor\debug\texteditor.tlog\link.12956-rc.read.1.tlog
f:\оаип\курсовой проект\texteditor\texteditor\debug\texteditor.tlog\link.12956-rc.write.1.tlog
f:\оаип\курсовой проект\texteditor\texteditor\debug\texteditor.tlog\link.12956.read.1.tlog
f:\оаип\курсовой проект\texteditor\texteditor\debug\texteditor.tlog\link.12956.write.1.tlog
f:\оаип\курсовой проект\texteditor\texteditor\debug\texteditor.tlog\link.command.1.tlog
f:\оаип\курсовой проект\texteditor\texteditor\debug\texteditor.tlog\link.read.1.tlog
f:\оаип\курсовой проект\texteditor\texteditor\debug\texteditor.tlog\link.write.1.tlog
f:\оаип\курсовой проект\texteditor\texteditor\debug\texteditor.tlog\rc.command.1.tlog
f:\оаип\курсовой проект\texteditor\texteditor\debug\texteditor.tlog\rc.read.1.tlog
f:\оаип\курсовой проект\texteditor\texteditor\debug\texteditor.tlog\rc.write.1.tlog
